# JRE version: OpenJDK Runtime Environment (8.0_112-b06) (build 1.8.0_112-release-b06)
# Java VM: OpenJDK 64-Bit Server VM (25.112-b06 mixed mode windows-amd64 compressed oops)
Heap:
 PSYoungGen      total 194048K, used 22456K [0x00000000e0000000, 0x00000000eef80000, 0x0000000100000000)
  eden space 166400K, 9% used [0x00000000e0000000,0x00000000e0fee0c0,0x00000000ea280000)
  from space 27648K, 22% used [0x00000000ea280000,0x00000000ea880000,0x00000000ebd80000)
  to   space 27136K, 0% used [0x00000000ed500000,0x00000000ed500000,0x00000000eef80000)
 ParOldGen       total 155648K, used 46504K [0x00000000a0000000, 0x00000000a9800000, 0x00000000e0000000)
  object space 155648K, 29% used [0x00000000a0000000,0x00000000a2d6a0c8,0x00000000a9800000)
 Metaspace       used 60192K, capacity 63360K, committed 63488K, reserved 1103872K
  class space    used 8101K, capacity 8695K, committed 8704K, reserved 1048576K
GC Heap History (10 events):
Event: 12.629 GC heap before
{Heap before GC invocations=16 (full 2):
 PSYoungGen      total 113664K, used 113652K [0x00000000e0000000, 0x00000000eab80000, 0x0000000100000000)
  eden space 98816K, 100% used [0x00000000e0000000,0x00000000e6080000,0x00000000e6080000)
  from space 14848K, 99% used [0x00000000e6080000,0x00000000e6efd368,0x00000000e6f00000)
  to   space 19968K, 0% used [0x00000000e9800000,0x00000000e9800000,0x00000000eab80000)
 ParOldGen       total 97792K, used 28330K [0x00000000a0000000, 0x00000000a5f80000, 0x00000000e0000000)
  object space 97792K, 28% used [0x00000000a0000000,0x00000000a1baabe8,0x00000000a5f80000)
 Metaspace       used 53790K, capacity 56100K, committed 56192K, reserved 1097728K
  class space    used 7303K, capacity 7799K, committed 7808K, reserved 1048576K
Event: 12.649 GC heap after
Heap after GC invocations=16 (full 2):
 PSYoungGen      total 151552K, used 19937K [0x00000000e0000000, 0x00000000eb100000, 0x0000000100000000)
  eden space 131584K, 0% used [0x00000000e0000000,0x00000000e0000000,0x00000000e8080000)
  from space 19968K, 99% used [0x00000000e9800000,0x00000000eab786f8,0x00000000eab80000)
  to   space 24064K, 0% used [0x00000000e8080000,0x00000000e8080000,0x00000000e9800000)
 ParOldGen       total 97792K, used 31657K [0x00000000a0000000, 0x00000000a5f80000, 0x00000000e0000000)
  object space 97792K, 32% used [0x00000000a0000000,0x00000000a1eea558,0x00000000a5f80000)
 Metaspace       used 53790K, capacity 56100K, committed 56192K, reserved 1097728K
  class space    used 7303K, capacity 7799K, committed 7808K, reserved 1048576K
}
Event: 13.759 GC heap before
{Heap before GC invocations=17 (full 2):
 PSYoungGen      total 151552K, used 77491K [0x00000000e0000000, 0x00000000eb100000, 0x0000000100000000)
  eden space 131584K, 43% used [0x00000000e0000000,0x00000000e3834760,0x00000000e8080000)
  from space 19968K, 99% used [0x00000000e9800000,0x00000000eab786f8,0x00000000eab80000)
  to   space 24064K, 0% used [0x00000000e8080000,0x00000000e8080000,0x00000000e9800000)
 ParOldGen       total 97792K, used 31657K [0x00000000a0000000, 0x00000000a5f80000, 0x00000000e0000000)
  object space 97792K, 32% used [0x00000000a0000000,0x00000000a1eea558,0x00000000a5f80000)
 Metaspace       used 56611K, capacity 58978K, committed 59028K, reserved 1099776K
  class space    used 7652K, capacity 8154K, committed 8192K, reserved 1048576K
Event: 13.781 GC heap after
Heap after GC invocations=17 (full 2):
 PSYoungGen      total 155648K, used 24033K [0x00000000e0000000, 0x00000000ee400000, 0x0000000100000000)
  eden space 131584K, 0% used [0x00000000e0000000,0x00000000e0000000,0x00000000e8080000)
  from space 24064K, 99% used [0x00000000e8080000,0x00000000e97f86f8,0x00000000e9800000)
  to   space 28160K, 0% used [0x00000000ec880000,0x00000000ec880000,0x00000000ee400000)
 ParOldGen       total 97792K, used 33247K [0x00000000a0000000, 0x00000000a5f80000, 0x00000000e0000000)
  object space 97792K, 33% used [0x00000000a0000000,0x00000000a2077c78,0x00000000a5f80000)
 Metaspace       used 56611K, capacity 58978K, committed 59028K, reserved 1099776K
  class space    used 7652K, capacity 8154K, committed 8192K, reserved 1048576K
}
Event: 13.781 GC heap before
{Heap before GC invocations=18 (full 3):
 PSYoungGen      total 155648K, used 24033K [0x00000000e0000000, 0x00000000ee400000, 0x0000000100000000)
  eden space 131584K, 0% used [0x00000000e0000000,0x00000000e0000000,0x00000000e8080000)
  from space 24064K, 99% used [0x00000000e8080000,0x00000000e97f86f8,0x00000000e9800000)
  to   space 28160K, 0% used [0x00000000ec880000,0x00000000ec880000,0x00000000ee400000)
 ParOldGen       total 97792K, used 33247K [0x00000000a0000000, 0x00000000a5f80000, 0x00000000e0000000)
  object space 97792K, 33% used [0x00000000a0000000,0x00000000a2077c78,0x00000000a5f80000)
 Metaspace       used 56611K, capacity 58978K, committed 59028K, reserved 1099776K
  class space    used 7652K, capacity 8154K, committed 8192K, reserved 1048576K
Event: 13.975 GC heap after
Heap after GC invocations=18 (full 3):
 PSYoungGen      total 155648K, used 0K [0x00000000e0000000, 0x00000000ee400000, 0x0000000100000000)
  eden space 131584K, 0% used [0x00000000e0000000,0x00000000e0000000,0x00000000e8080000)
  from space 24064K, 0% used [0x00000000e8080000,0x00000000e8080000,0x00000000e9800000)
  to   space 28160K, 0% used [0x00000000ec880000,0x00000000ec880000,0x00000000ee400000)
 ParOldGen       total 155648K, used 46488K [0x00000000a0000000, 0x00000000a9800000, 0x00000000e0000000)
  object space 155648K, 29% used [0x00000000a0000000,0x00000000a2d660c8,0x00000000a9800000)
 Metaspace       used 56611K, capacity 58978K, committed 59028K, reserved 1099776K
  class space    used 7652K, capacity 8154K, committed 8192K, reserved 1048576K
}
Event: 867.430 GC heap before
{Heap before GC invocations=19 (full 3):
 PSYoungGen      total 155648K, used 131584K [0x00000000e0000000, 0x00000000ee400000, 0x0000000100000000)
  eden space 131584K, 100% used [0x00000000e0000000,0x00000000e8080000,0x00000000e8080000)
  from space 24064K, 0% used [0x00000000e8080000,0x00000000e8080000,0x00000000e9800000)
  to   space 28160K, 0% used [0x00000000ec880000,0x00000000ec880000,0x00000000ee400000)
 ParOldGen       total 155648K, used 46488K [0x00000000a0000000, 0x00000000a9800000, 0x00000000e0000000)
  object space 155648K, 29% used [0x00000000a0000000,0x00000000a2d660c8,0x00000000a9800000)
 Metaspace       used 58238K, capacity 60970K, committed 61184K, reserved 1101824K
  class space    used 7844K, capacity 8382K, committed 8448K, reserved 1048576K
Event: 867.440 GC heap after
Heap after GC invocations=19 (full 3):
 PSYoungGen      total 182784K, used 5666K [0x00000000e0000000, 0x00000000ed880000, 0x0000000100000000)
  eden space 166400K, 0% used [0x00000000e0000000,0x00000000e0000000,0x00000000ea280000)
  from space 16384K, 34% used [0x00000000ec880000,0x00000000ece08ac8,0x00000000ed880000)
  to   space 27648K, 0% used [0x00000000ea280000,0x00000000ea280000,0x00000000ebd80000)
 ParOldGen       total 155648K, used 46496K [0x00000000a0000000, 0x00000000a9800000, 0x00000000e0000000)
  object space 155648K, 29% used [0x00000000a0000000,0x00000000a2d680c8,0x00000000a9800000)
 Metaspace       used 58238K, capacity 60970K, committed 61184K, reserved 1101824K
  class space    used 7844K, capacity 8382K, committed 8448K, reserved 1048576K
}
Event: 1075.709 GC heap before
{Heap before GC invocations=20 (full 3):
 PSYoungGen      total 182784K, used 172066K [0x00000000e0000000, 0x00000000ed880000, 0x0000000100000000)
  eden space 166400K, 100% used [0x00000000e0000000,0x00000000ea280000,0x00000000ea280000)
  from space 16384K, 34% used [0x00000000ec880000,0x00000000ece08ac8,0x00000000ed880000)
  to   space 27648K, 0% used [0x00000000ea280000,0x00000000ea280000,0x00000000ebd80000)
 ParOldGen       total 155648K, used 46496K [0x00000000a0000000, 0x00000000a9800000, 0x00000000e0000000)
  object space 155648K, 29% used [0x00000000a0000000,0x00000000a2d680c8,0x00000000a9800000)
 Metaspace       used 60083K, capacity 63166K, committed 63232K, reserved 1103872K
  class space    used 8096K, capacity 8686K, committed 8704K, reserved 1048576K
Event: 1075.713 GC heap after
Heap after GC invocations=20 (full 3):
 PSYoungGen      total 194048K, used 6144K [0x00000000e0000000, 0x00000000eef80000, 0x0000000100000000)
  eden space 166400K, 0% used [0x00000000e0000000,0x00000000e0000000,0x00000000ea280000)
  from space 27648K, 22% used [0x00000000ea280000,0x00000000ea880000,0x00000000ebd80000)
  to   space 27136K, 0% used [0x00000000ed500000,0x00000000ed500000,0x00000000eef80000)
 ParOldGen       total 155648K, used 46504K [0x00000000a0000000, 0x00000000a9800000, 0x00000000e0000000)
  object space 155648K, 29% used [0x00000000a0000000,0x00000000a2d6a0c8,0x00000000a9800000)
 Metaspace       used 60083K, capacity 63166K, committed 63232K, reserved 1103872K
  class space    used 8096K, capacity 8686K, committed 8704K, reserved 1048576K
}

